# JRE version: OpenJDK Runtime Environment (8.0_242-b01) (build 1.8.0_242-release-1644-b01)
# Java VM: OpenJDK 64-Bit Server VM (25.242-b01 mixed mode windows-amd64 compressed oops)
Heap:
 PSYoungGen      total 397312K, used 222102K [0x00000000d5580000, 0x00000000efc80000, 0x0000000100000000)
  eden space 363520K, 55% used [0x00000000d5580000,0x00000000e1c33890,0x00000000eb880000)
  from space 33792K, 55% used [0x00000000edb80000,0x00000000eedb2268,0x00000000efc80000)
  to   space 34816K, 0% used [0x00000000eb880000,0x00000000eb880000,0x00000000eda80000)
 ParOldGen       total 189952K, used 103192K [0x0000000080000000, 0x000000008b980000, 0x00000000d5580000)
  object space 189952K, 54% used [0x0000000080000000,0x00000000864c6300,0x000000008b980000)
 Metaspace       used 94399K, capacity 99328K, committed 99864K, reserved 1136640K
  class space    used 12453K, capacity 13388K, committed 13608K, reserved 1048576K
GC Heap History (10 events):
Event: 111.562 GC heap before
{Heap before GC invocations=26 (full 4):
 PSYoungGen      total 398336K, used 374720K [0x00000000d5580000, 0x00000000efc80000, 0x0000000100000000)
  eden space 363520K, 100% used [0x00000000d5580000,0x00000000eb880000,0x00000000eb880000)
  from space 34816K, 32% used [0x00000000eb880000,0x00000000ec370010,0x00000000eda80000)
  to   space 33792K, 0% used [0x00000000edb80000,0x00000000edb80000,0x00000000efc80000)
 ParOldGen       total 189952K, used 98627K [0x0000000080000000, 0x000000008b980000, 0x00000000d5580000)
  object space 189952K, 51% used [0x0000000080000000,0x0000000086050f98,0x000000008b980000)
 Metaspace       used 94194K, capacity 98978K, committed 99480K, reserved 1134592K
  class space    used 12443K, capacity 13351K, committed 13480K, reserved 1048576K
Event: 111.597 GC heap after
Heap after GC invocations=26 (full 4):
 PSYoungGen      total 397312K, used 18729K [0x00000000d5580000, 0x00000000efc80000, 0x0000000100000000)
  eden space 363520K, 0% used [0x00000000d5580000,0x00000000d5580000,0x00000000eb880000)
  from space 33792K, 55% used [0x00000000edb80000,0x00000000eedca498,0x00000000efc80000)
  to   space 34816K, 0% used [0x00000000eb880000,0x00000000eb880000,0x00000000eda80000)
 ParOldGen       total 189952K, used 98627K [0x0000000080000000, 0x000000008b980000, 0x00000000d5580000)
  object space 189952K, 51% used [0x0000000080000000,0x0000000086050f98,0x000000008b980000)
 Metaspace       used 94194K, capacity 98978K, committed 99480K, reserved 1134592K
  class space    used 12443K, capacity 13351K, committed 13480K, reserved 1048576K
}
Event: 112.551 GC heap before
{Heap before GC invocations=27 (full 4):
 PSYoungGen      total 397312K, used 382249K [0x00000000d5580000, 0x00000000efc80000, 0x0000000100000000)
  eden space 363520K, 100% used [0x00000000d5580000,0x00000000eb880000,0x00000000eb880000)
  from space 33792K, 55% used [0x00000000edb80000,0x00000000eedca498,0x00000000efc80000)
  to   space 34816K, 0% used [0x00000000eb880000,0x00000000eb880000,0x00000000eda80000)
 ParOldGen       total 189952K, used 98627K [0x0000000080000000, 0x000000008b980000, 0x00000000d5580000)
  object space 189952K, 51% used [0x0000000080000000,0x0000000086050f98,0x000000008b980000)
 Metaspace       used 94208K, capacity 99000K, committed 99480K, reserved 1134592K
  class space    used 12443K, capacity 13352K, committed 13480K, reserved 1048576K
Event: 112.579 GC heap after
Heap after GC invocations=27 (full 4):
 PSYoungGen      total 398336K, used 21117K [0x00000000d5580000, 0x00000000efc80000, 0x0000000100000000)
  eden space 363520K, 0% used [0x00000000d5580000,0x00000000d5580000,0x00000000eb880000)
  from space 34816K, 60% used [0x00000000eb880000,0x00000000ecd1f400,0x00000000eda80000)
  to   space 33792K, 0% used [0x00000000edb80000,0x00000000edb80000,0x00000000efc80000)
 ParOldGen       total 189952K, used 98627K [0x0000000080000000, 0x000000008b980000, 0x00000000d5580000)
  object space 189952K, 51% used [0x0000000080000000,0x0000000086050f98,0x000000008b980000)
 Metaspace       used 94208K, capacity 99000K, committed 99480K, reserved 1134592K
  class space    used 12443K, capacity 13352K, committed 13480K, reserved 1048576K
}
Event: 113.467 GC heap before
{Heap before GC invocations=28 (full 4):
 PSYoungGen      total 398336K, used 384637K [0x00000000d5580000, 0x00000000efc80000, 0x0000000100000000)
  eden space 363520K, 100% used [0x00000000d5580000,0x00000000eb880000,0x00000000eb880000)
  from space 34816K, 60% used [0x00000000eb880000,0x00000000ecd1f400,0x00000000eda80000)
  to   space 33792K, 0% used [0x00000000edb80000,0x00000000edb80000,0x00000000efc80000)
 ParOldGen       total 189952K, used 98627K [0x0000000080000000, 0x000000008b980000, 0x00000000d5580000)
  object space 189952K, 51% used [0x0000000080000000,0x0000000086050f98,0x000000008b980000)
 Metaspace       used 94223K, capacity 99016K, committed 99480K, reserved 1134592K
  class space    used 12444K, capacity 13354K, committed 13480K, reserved 1048576K
Event: 113.496 GC heap after
Heap after GC invocations=28 (full 4):
 PSYoungGen      total 397312K, used 19505K [0x00000000d5580000, 0x00000000efc80000, 0x0000000100000000)
  eden space 363520K, 0% used [0x00000000d5580000,0x00000000d5580000,0x00000000eb880000)
  from space 33792K, 57% used [0x00000000edb80000,0x00000000eee8c4d8,0x00000000efc80000)
  to   space 34816K, 0% used [0x00000000eb880000,0x00000000eb880000,0x00000000eda80000)
 ParOldGen       total 189952K, used 98627K [0x0000000080000000, 0x000000008b980000, 0x00000000d5580000)
  object space 189952K, 51% used [0x0000000080000000,0x0000000086050f98,0x000000008b980000)
 Metaspace       used 94223K, capacity 99016K, committed 99480K, reserved 1134592K
  class space    used 12444K, capacity 13354K, committed 13480K, reserved 1048576K
}
Event: 114.524 GC heap before
{Heap before GC invocations=29 (full 4):
 PSYoungGen      total 397312K, used 383025K [0x00000000d5580000, 0x00000000efc80000, 0x0000000100000000)
  eden space 363520K, 100% used [0x00000000d5580000,0x00000000eb880000,0x00000000eb880000)
  from space 33792K, 57% used [0x00000000edb80000,0x00000000eee8c4d8,0x00000000efc80000)
  to   space 34816K, 0% used [0x00000000eb880000,0x00000000eb880000,0x00000000eda80000)
 ParOldGen       total 189952K, used 98627K [0x0000000080000000, 0x000000008b980000, 0x00000000d5580000)
  object space 189952K, 51% used [0x0000000080000000,0x0000000086050f98,0x000000008b980000)
 Metaspace       used 94264K, capacity 99094K, committed 99736K, reserved 1136640K
  class space    used 12445K, capacity 13355K, committed 13480K, reserved 1048576K
Event: 114.553 GC heap after
Heap after GC invocations=29 (full 4):
 PSYoungGen      total 398336K, used 14680K [0x00000000d5580000, 0x00000000efc80000, 0x0000000100000000)
  eden space 363520K, 0% used [0x00000000d5580000,0x00000000d5580000,0x00000000eb880000)
  from space 34816K, 42% used [0x00000000eb880000,0x00000000ec6d61d0,0x00000000eda80000)
  to   space 33792K, 0% used [0x00000000edb80000,0x00000000edb80000,0x00000000efc80000)
 ParOldGen       total 189952K, used 101323K [0x0000000080000000, 0x000000008b980000, 0x00000000d5580000)
  object space 189952K, 53% used [0x0000000080000000,0x00000000862f2f98,0x000000008b980000)
 Metaspace       used 94264K, capacity 99094K, committed 99736K, reserved 1136640K
  class space    used 12445K, capacity 13355K, committed 13480K, reserved 1048576K
}
Event: 115.757 GC heap before
{Heap before GC invocations=30 (full 4):
 PSYoungGen      total 398336K, used 378200K [0x00000000d5580000, 0x00000000efc80000, 0x0000000100000000)
  eden space 363520K, 100% used [0x00000000d5580000,0x00000000eb880000,0x00000000eb880000)
  from space 34816K, 42% used [0x00000000eb880000,0x00000000ec6d61d0,0x00000000eda80000)
  to   space 33792K, 0% used [0x00000000edb80000,0x00000000edb80000,0x00000000efc80000)
 ParOldGen       total 189952K, used 101323K [0x0000000080000000, 0x000000008b980000, 0x00000000d5580000)
  object space 189952K, 53% used [0x0000000080000000,0x00000000862f2f98,0x000000008b980000)
 Metaspace       used 94304K, capacity 99098K, committed 99736K, reserved 1136640K
  class space    used 12445K, capacity 13355K, committed 13480K, reserved 1048576K
Event: 115.787 GC heap after
Heap after GC invocations=30 (full 4):
 PSYoungGen      total 397312K, used 18632K [0x00000000d5580000, 0x00000000efc80000, 0x0000000100000000)
  eden space 363520K, 0% used [0x00000000d5580000,0x00000000d5580000,0x00000000eb880000)
  from space 33792K, 55% used [0x00000000edb80000,0x00000000eedb2268,0x00000000efc80000)
  to   space 34816K, 0% used [0x00000000eb880000,0x00000000eb880000,0x00000000eda80000)
 ParOldGen       total 189952K, used 103192K [0x0000000080000000, 0x000000008b980000, 0x00000000d5580000)
  object space 189952K, 54% used [0x0000000080000000,0x00000000864c6300,0x000000008b980000)
 Metaspace       used 94304K, capacity 99098K, committed 99736K, reserved 1136640K
  class space    used 12445K, capacity 13355K, committed 13480K, reserved 1048576K
}

