# JRE version: OpenJDK Runtime Environment (8.0_242-b01) (build 1.8.0_242-release-1644-b01)
# Java VM: OpenJDK 64-Bit Server VM (25.242-b01 mixed mode windows-amd64 compressed oops)
Heap:
 PSYoungGen      total 137216K, used 66922K [0x00000000d5580000, 0x00000000e2300000, 0x0000000100000000)
  eden space 125952K, 53% used [0x00000000d5580000,0x00000000d96da8a0,0x00000000dd080000)
  from space 11264K, 0% used [0x00000000dd080000,0x00000000dd080000,0x00000000ddb80000)
  to   space 13312K, 0% used [0x00000000e1600000,0x00000000e1600000,0x00000000e2300000)
 ParOldGen       total 68608K, used 18729K [0x0000000080000000, 0x0000000084300000, 0x00000000d5580000)
  object space 68608K, 27% used [0x0000000080000000,0x000000008124a6c8,0x0000000084300000)
 Metaspace       used 39056K, capacity 40522K, committed 40792K, reserved 1085440K
  class space    used 5353K, capacity 5693K, committed 5760K, reserved 1048576K
GC Heap History (10 events):
Event: 4.416 GC heap before
{Heap before GC invocations=7 (full 0):
 PSYoungGen      total 74752K, used 10847K [0x00000000d5580000, 0x00000000dab80000, 0x0000000100000000)
  eden space 64512K, 3% used [0x00000000d5580000,0x00000000d5781e30,0x00000000d9480000)
  from space 10240K, 85% used [0x00000000d9f80000,0x00000000da815e38,0x00000000da980000)
  to   space 11264K, 0% used [0x00000000d9480000,0x00000000d9480000,0x00000000d9f80000)
 ParOldGen       total 86016K, used 6724K [0x0000000080000000, 0x0000000085400000, 0x00000000d5580000)
  object space 86016K, 7% used [0x0000000080000000,0x0000000080691198,0x0000000085400000)
 Metaspace       used 20557K, capacity 21208K, committed 21248K, reserved 1067008K
  class space    used 2869K, capacity 3056K, committed 3072K, reserved 1048576K
Event: 4.428 GC heap after
Heap after GC invocations=7 (full 0):
 PSYoungGen      total 75776K, used 3969K [0x00000000d5580000, 0x00000000de980000, 0x0000000100000000)
  eden space 64512K, 0% used [0x00000000d5580000,0x00000000d5580000,0x00000000d9480000)
  from space 11264K, 35% used [0x00000000d9480000,0x00000000d9860478,0x00000000d9f80000)
  to   space 11264K, 0% used [0x00000000dde80000,0x00000000dde80000,0x00000000de980000)
 ParOldGen       total 86016K, used 9049K [0x0000000080000000, 0x0000000085400000, 0x00000000d5580000)
  object space 86016K, 10% used [0x0000000080000000,0x00000000808d67e8,0x0000000085400000)
 Metaspace       used 20557K, capacity 21208K, committed 21248K, reserved 1067008K
  class space    used 2869K, capacity 3056K, committed 3072K, reserved 1048576K
}
Event: 4.428 GC heap before
{Heap before GC invocations=8 (full 1):
 PSYoungGen      total 75776K, used 3969K [0x00000000d5580000, 0x00000000de980000, 0x0000000100000000)
  eden space 64512K, 0% used [0x00000000d5580000,0x00000000d5580000,0x00000000d9480000)
  from space 11264K, 35% used [0x00000000d9480000,0x00000000d9860478,0x00000000d9f80000)
  to   space 11264K, 0% used [0x00000000dde80000,0x00000000dde80000,0x00000000de980000)
 ParOldGen       total 86016K, used 9049K [0x0000000080000000, 0x0000000085400000, 0x00000000d5580000)
  object space 86016K, 10% used [0x0000000080000000,0x00000000808d67e8,0x0000000085400000)
 Metaspace       used 20557K, capacity 21208K, committed 21248K, reserved 1067008K
  class space    used 2869K, capacity 3056K, committed 3072K, reserved 1048576K
Event: 4.485 GC heap after
Heap after GC invocations=8 (full 1):
 PSYoungGen      total 75776K, used 0K [0x00000000d5580000, 0x00000000de980000, 0x0000000100000000)
  eden space 64512K, 0% used [0x00000000d5580000,0x00000000d5580000,0x00000000d9480000)
  from space 11264K, 0% used [0x00000000d9480000,0x00000000d9480000,0x00000000d9f80000)
  to   space 11264K, 0% used [0x00000000dde80000,0x00000000dde80000,0x00000000de980000)
 ParOldGen       total 47616K, used 7127K [0x0000000080000000, 0x0000000082e80000, 0x00000000d5580000)
  object space 47616K, 14% used [0x0000000080000000,0x00000000806f5f00,0x0000000082e80000)
 Metaspace       used 20557K, capacity 21208K, committed 21248K, reserved 1067008K
  class space    used 2869K, capacity 3056K, committed 3072K, reserved 1048576K
}
Event: 5.611 GC heap before
{Heap before GC invocations=9 (full 1):
 PSYoungGen      total 75776K, used 64512K [0x00000000d5580000, 0x00000000de980000, 0x0000000100000000)
  eden space 64512K, 100% used [0x00000000d5580000,0x00000000d9480000,0x00000000d9480000)
  from space 11264K, 0% used [0x00000000d9480000,0x00000000d9480000,0x00000000d9f80000)
  to   space 11264K, 0% used [0x00000000dde80000,0x00000000dde80000,0x00000000de980000)
 ParOldGen       total 47616K, used 7127K [0x0000000080000000, 0x0000000082e80000, 0x00000000d5580000)
  object space 47616K, 14% used [0x0000000080000000,0x00000000806f5f00,0x0000000082e80000)
 Metaspace       used 28249K, capacity 28928K, committed 29312K, reserved 1075200K
  class space    used 3893K, capacity 4131K, committed 4224K, reserved 1048576K
Event: 5.621 GC heap after
Heap after GC invocations=9 (full 1):
 PSYoungGen      total 129536K, used 8035K [0x00000000d5580000, 0x00000000de680000, 0x0000000100000000)
  eden space 121344K, 0% used [0x00000000d5580000,0x00000000d5580000,0x00000000dcc00000)
  from space 8192K, 98% used [0x00000000dde80000,0x00000000de658e98,0x00000000de680000)
  to   space 11264K, 0% used [0x00000000dd080000,0x00000000dd080000,0x00000000ddb80000)
 ParOldGen       total 47616K, used 7135K [0x0000000080000000, 0x0000000082e80000, 0x00000000d5580000)
  object space 47616K, 14% used [0x0000000080000000,0x00000000806f7f00,0x0000000082e80000)
 Metaspace       used 28249K, capacity 28928K, committed 29312K, reserved 1075200K
  class space    used 3893K, capacity 4131K, committed 4224K, reserved 1048576K
}
Event: 6.958 GC heap before
{Heap before GC invocations=10 (full 1):
 PSYoungGen      total 129536K, used 125073K [0x00000000d5580000, 0x00000000de680000, 0x0000000100000000)
  eden space 121344K, 96% used [0x00000000d5580000,0x00000000dc7cb8d8,0x00000000dcc00000)
  from space 8192K, 98% used [0x00000000dde80000,0x00000000de658e98,0x00000000de680000)
  to   space 11264K, 0% used [0x00000000dd080000,0x00000000dd080000,0x00000000ddb80000)
 ParOldGen       total 47616K, used 7135K [0x0000000080000000, 0x0000000082e80000, 0x00000000d5580000)
  object space 47616K, 14% used [0x0000000080000000,0x00000000806f7f00,0x0000000082e80000)
 Metaspace       used 34467K, capacity 35386K, committed 35416K, reserved 1079296K
  class space    used 4721K, capacity 4970K, committed 4992K, reserved 1048576K
Event: 6.973 GC heap after
Heap after GC invocations=10 (full 1):
 PSYoungGen      total 137216K, used 11243K [0x00000000d5580000, 0x00000000e2300000, 0x0000000100000000)
  eden space 125952K, 0% used [0x00000000d5580000,0x00000000d5580000,0x00000000dd080000)
  from space 11264K, 99% used [0x00000000dd080000,0x00000000ddb7af28,0x00000000ddb80000)
  to   space 13312K, 0% used [0x00000000e1600000,0x00000000e1600000,0x00000000e2300000)
 ParOldGen       total 47616K, used 8033K [0x0000000080000000, 0x0000000082e80000, 0x00000000d5580000)
  object space 47616K, 16% used [0x0000000080000000,0x00000000807d8498,0x0000000082e80000)
 Metaspace       used 34467K, capacity 35386K, committed 35416K, reserved 1079296K
  class space    used 4721K, capacity 4970K, committed 4992K, reserved 1048576K
}
Event: 6.973 GC heap before
{Heap before GC invocations=11 (full 2):
 PSYoungGen      total 137216K, used 11243K [0x00000000d5580000, 0x00000000e2300000, 0x0000000100000000)
  eden space 125952K, 0% used [0x00000000d5580000,0x00000000d5580000,0x00000000dd080000)
  from space 11264K, 99% used [0x00000000dd080000,0x00000000ddb7af28,0x00000000ddb80000)
  to   space 13312K, 0% used [0x00000000e1600000,0x00000000e1600000,0x00000000e2300000)
 ParOldGen       total 47616K, used 8033K [0x0000000080000000, 0x0000000082e80000, 0x00000000d5580000)
  object space 47616K, 16% used [0x0000000080000000,0x00000000807d8498,0x0000000082e80000)
 Metaspace       used 34467K, capacity 35386K, committed 35416K, reserved 1079296K
  class space    used 4721K, capacity 4970K, committed 4992K, reserved 1048576K
Event: 7.067 GC heap after
Heap after GC invocations=11 (full 2):
 PSYoungGen      total 137216K, used 0K [0x00000000d5580000, 0x00000000e2300000, 0x0000000100000000)
  eden space 125952K, 0% used [0x00000000d5580000,0x00000000d5580000,0x00000000dd080000)
  from space 11264K, 0% used [0x00000000dd080000,0x00000000dd080000,0x00000000ddb80000)
  to   space 13312K, 0% used [0x00000000e1600000,0x00000000e1600000,0x00000000e2300000)
 ParOldGen       total 68608K, used 18729K [0x0000000080000000, 0x0000000084300000, 0x00000000d5580000)
  object space 68608K, 27% used [0x0000000080000000,0x000000008124a6c8,0x0000000084300000)
 Metaspace       used 34467K, capacity 35386K, committed 35416K, reserved 1079296K
  class space    used 4721K, capacity 4970K, committed 4992K, reserved 1048576K
}

