# JRE version: OpenJDK Runtime Environment (8.0_242-b01) (build 1.8.0_242-release-1644-b01)
# Java VM: OpenJDK 64-Bit Server VM (25.242-b01 mixed mode windows-amd64 compressed oops)
Heap:
 PSYoungGen      total 670208K, used 172639K [0x00000000d5580000, 0x0000000100000000, 0x0000000100000000)
  eden space 641536K, 22% used [0x00000000d5580000,0x00000000de21f040,0x00000000fc800000)
  from space 28672K, 99% used [0x00000000fc800000,0x00000000fe3f8e28,0x00000000fe400000)
  to   space 28672K, 0% used [0x00000000fe400000,0x00000000fe400000,0x0000000100000000)
 ParOldGen       total 180736K, used 107913K [0x0000000080000000, 0x000000008b080000, 0x00000000d5580000)
  object space 180736K, 59% used [0x0000000080000000,0x0000000086962548,0x000000008b080000)
 Metaspace       used 90135K, capacity 94262K, committed 94808K, reserved 1130496K
  class space    used 12009K, capacity 12780K, committed 12928K, reserved 1048576K
GC Heap History (10 events):
Event: 54.048 GC heap before
{Heap before GC invocations=25 (full 4):
 PSYoungGen      total 545792K, used 528132K [0x00000000d5580000, 0x00000000f8600000, 0x0000000100000000)
  eden space 517120K, 100% used [0x00000000d5580000,0x00000000f4e80000,0x00000000f4e80000)
  from space 28672K, 38% used [0x00000000f6a00000,0x00000000f74c1040,0x00000000f8600000)
  to   space 28160K, 0% used [0x00000000f4e80000,0x00000000f4e80000,0x00000000f6a00000)
 ParOldGen       total 180736K, used 86551K [0x0000000080000000, 0x000000008b080000, 0x00000000d5580000)
  object space 180736K, 47% used [0x0000000080000000,0x0000000085485f28,0x000000008b080000)
 Metaspace       used 88761K, capacity 92640K, committed 93400K, reserved 1130496K
  class space    used 11885K, capacity 12593K, committed 12800K, reserved 1048576K
Event: 54.154 GC heap after
Heap after GC invocations=25 (full 4):
 PSYoungGen      total 545280K, used 19105K [0x00000000d5580000, 0x00000000fee00000, 0x0000000100000000)
  eden space 517120K, 0% used [0x00000000d5580000,0x00000000d5580000,0x00000000f4e80000)
  from space 28160K, 67% used [0x00000000f4e80000,0x00000000f61286b0,0x00000000f6a00000)
  to   space 28672K, 0% used [0x00000000fd200000,0x00000000fd200000,0x00000000fee00000)
 ParOldGen       total 180736K, used 88911K [0x0000000080000000, 0x000000008b080000, 0x00000000d5580000)
  object space 180736K, 49% used [0x0000000080000000,0x00000000856d3f28,0x000000008b080000)
 Metaspace       used 88761K, capacity 92640K, committed 93400K, reserved 1130496K
  class space    used 11885K, capacity 12593K, committed 12800K, reserved 1048576K
}
Event: 57.027 GC heap before
{Heap before GC invocations=26 (full 4):
 PSYoungGen      total 545280K, used 536225K [0x00000000d5580000, 0x00000000fee00000, 0x0000000100000000)
  eden space 517120K, 100% used [0x00000000d5580000,0x00000000f4e80000,0x00000000f4e80000)
  from space 28160K, 67% used [0x00000000f4e80000,0x00000000f61286b0,0x00000000f6a00000)
  to   space 28672K, 0% used [0x00000000fd200000,0x00000000fd200000,0x00000000fee00000)
 ParOldGen       total 180736K, used 88911K [0x0000000080000000, 0x000000008b080000, 0x00000000d5580000)
  object space 180736K, 49% used [0x0000000080000000,0x00000000856d3f28,0x000000008b080000)
 Metaspace       used 88788K, capacity 92666K, committed 93400K, reserved 1130496K
  class space    used 11887K, capacity 12596K, committed 12800K, reserved 1048576K
Event: 57.082 GC heap after
Heap after GC invocations=26 (full 4):
 PSYoungGen      total 643584K, used 16814K [0x00000000d5580000, 0x00000000fe980000, 0x0000000100000000)
  eden space 619520K, 0% used [0x00000000d5580000,0x00000000d5580000,0x00000000fb280000)
  from space 24064K, 69% used [0x00000000fd200000,0x00000000fe26ba48,0x00000000fe980000)
  to   space 28160K, 0% used [0x00000000fb280000,0x00000000fb280000,0x00000000fce00000)
 ParOldGen       total 180736K, used 92167K [0x0000000080000000, 0x000000008b080000, 0x00000000d5580000)
  object space 180736K, 50% used [0x0000000080000000,0x0000000085a01c38,0x000000008b080000)
 Metaspace       used 88788K, capacity 92666K, committed 93400K, reserved 1130496K
  class space    used 11887K, capacity 12596K, committed 12800K, reserved 1048576K
}
Event: 60.859 GC heap before
{Heap before GC invocations=27 (full 4):
 PSYoungGen      total 643584K, used 636334K [0x00000000d5580000, 0x00000000fe980000, 0x0000000100000000)
  eden space 619520K, 100% used [0x00000000d5580000,0x00000000fb280000,0x00000000fb280000)
  from space 24064K, 69% used [0x00000000fd200000,0x00000000fe26ba48,0x00000000fe980000)
  to   space 28160K, 0% used [0x00000000fb280000,0x00000000fb280000,0x00000000fce00000)
 ParOldGen       total 180736K, used 92167K [0x0000000080000000, 0x000000008b080000, 0x00000000d5580000)
  object space 180736K, 50% used [0x0000000080000000,0x0000000085a01c38,0x000000008b080000)
 Metaspace       used 88857K, capacity 92762K, committed 93656K, reserved 1130496K
  class space    used 11888K, capacity 12598K, committed 12800K, reserved 1048576K
Event: 60.932 GC heap after
Heap after GC invocations=27 (full 4):
 PSYoungGen      total 647680K, used 17431K [0x00000000d5580000, 0x0000000100000000, 0x0000000100000000)
  eden space 619520K, 0% used [0x00000000d5580000,0x00000000d5580000,0x00000000fb280000)
  from space 28160K, 61% used [0x00000000fb280000,0x00000000fc385d20,0x00000000fce00000)
  to   space 28160K, 0% used [0x00000000fe480000,0x00000000fe480000,0x0000000100000000)
 ParOldGen       total 180736K, used 93969K [0x0000000080000000, 0x000000008b080000, 0x00000000d5580000)
  object space 180736K, 51% used [0x0000000080000000,0x0000000085bc47a8,0x000000008b080000)
 Metaspace       used 88857K, capacity 92762K, committed 93656K, reserved 1130496K
  class space    used 11888K, capacity 12598K, committed 12800K, reserved 1048576K
}
Event: 64.644 GC heap before
{Heap before GC invocations=28 (full 4):
 PSYoungGen      total 647680K, used 636951K [0x00000000d5580000, 0x0000000100000000, 0x0000000100000000)
  eden space 619520K, 100% used [0x00000000d5580000,0x00000000fb280000,0x00000000fb280000)
  from space 28160K, 61% used [0x00000000fb280000,0x00000000fc385d20,0x00000000fce00000)
  to   space 28160K, 0% used [0x00000000fe480000,0x00000000fe480000,0x0000000100000000)
 ParOldGen       total 180736K, used 93969K [0x0000000080000000, 0x000000008b080000, 0x00000000d5580000)
  object space 180736K, 51% used [0x0000000080000000,0x0000000085bc47a8,0x000000008b080000)
 Metaspace       used 89440K, capacity 93350K, committed 94040K, reserved 1130496K
  class space    used 11948K, capacity 12686K, committed 12928K, reserved 1048576K
Event: 64.710 GC heap after
Heap after GC invocations=28 (full 4):
 PSYoungGen      total 669696K, used 20158K [0x00000000d5580000, 0x0000000100000000, 0x0000000100000000)
  eden space 641536K, 0% used [0x00000000d5580000,0x00000000d5580000,0x00000000fc800000)
  from space 28160K, 71% used [0x00000000fe480000,0x00000000ff82fa98,0x0000000100000000)
  to   space 28672K, 0% used [0x00000000fc800000,0x00000000fc800000,0x00000000fe400000)
 ParOldGen       total 180736K, used 97495K [0x0000000080000000, 0x000000008b080000, 0x00000000d5580000)
  object space 180736K, 53% used [0x0000000080000000,0x0000000085f35fa8,0x000000008b080000)
 Metaspace       used 89440K, capacity 93350K, committed 94040K, reserved 1130496K
  class space    used 11948K, capacity 12686K, committed 12928K, reserved 1048576K
}
Event: 69.017 GC heap before
{Heap before GC invocations=29 (full 4):
 PSYoungGen      total 669696K, used 661694K [0x00000000d5580000, 0x0000000100000000, 0x0000000100000000)
  eden space 641536K, 100% used [0x00000000d5580000,0x00000000fc800000,0x00000000fc800000)
  from space 28160K, 71% used [0x00000000fe480000,0x00000000ff82fa98,0x0000000100000000)
  to   space 28672K, 0% used [0x00000000fc800000,0x00000000fc800000,0x00000000fe400000)
 ParOldGen       total 180736K, used 97495K [0x0000000080000000, 0x000000008b080000, 0x00000000d5580000)
  object space 180736K, 53% used [0x0000000080000000,0x0000000085f35fa8,0x000000008b080000)
 Metaspace       used 90095K, capacity 94128K, committed 94552K, reserved 1130496K
  class space    used 12008K, capacity 12779K, committed 12928K, reserved 1048576K
Event: 69.143 GC heap after
Heap after GC invocations=29 (full 4):
 PSYoungGen      total 670208K, used 28643K [0x00000000d5580000, 0x0000000100000000, 0x0000000100000000)
  eden space 641536K, 0% used [0x00000000d5580000,0x00000000d5580000,0x00000000fc800000)
  from space 28672K, 99% used [0x00000000fc800000,0x00000000fe3f8e28,0x00000000fe400000)
  to   space 28672K, 0% used [0x00000000fe400000,0x00000000fe400000,0x0000000100000000)
 ParOldGen       total 180736K, used 107913K [0x0000000080000000, 0x000000008b080000, 0x00000000d5580000)
  object space 180736K, 59% used [0x0000000080000000,0x0000000086962548,0x000000008b080000)
 Metaspace       used 90095K, capacity 94128K, committed 94552K, reserved 1130496K
  class space    used 12008K, capacity 12779K, committed 12928K, reserved 1048576K
}

