# JRE version: OpenJDK Runtime Environment (8.0_242-b01) (build 1.8.0_242-release-1644-b01)
# Java VM: OpenJDK 64-Bit Server VM (25.242-b01 mixed mode windows-amd64 compressed oops)
Heap:
 PSYoungGen      total 499200K, used 304412K [0x00000000d5580000, 0x00000000f6f00000, 0x0000000100000000)
  eden space 473088K, 62% used [0x00000000d5580000,0x00000000e74eb2a8,0x00000000f2380000)
  from space 26112K, 38% used [0x00000000f5580000,0x00000000f5f5c050,0x00000000f6f00000)
  to   space 35328K, 0% used [0x00000000f2a00000,0x00000000f2a00000,0x00000000f4c80000)
 ParOldGen       total 123392K, used 68908K [0x0000000080000000, 0x0000000087880000, 0x00000000d5580000)
  object space 123392K, 55% used [0x0000000080000000,0x000000008434b330,0x0000000087880000)
 Metaspace       used 79819K, capacity 83830K, committed 84056K, reserved 1122304K
  class space    used 10793K, capacity 11558K, committed 11648K, reserved 1048576K
GC Heap History (10 events):
Event: 7.491 GC heap before
{Heap before GC invocations=11 (full 2):
 PSYoungGen      total 393728K, used 48117K [0x00000000d5580000, 0x00000000ef680000, 0x0000000100000000)
  eden space 377856K, 8% used [0x00000000d5580000,0x00000000d74fe4d8,0x00000000ec680000)
  from space 15872K, 99% used [0x00000000ee000000,0x00000000eef7f300,0x00000000eef80000)
  to   space 24576K, 0% used [0x00000000ec680000,0x00000000ec680000,0x00000000ede80000)
 ParOldGen       total 83968K, used 30489K [0x0000000080000000, 0x0000000085200000, 0x00000000d5580000)
  object space 83968K, 36% used [0x0000000080000000,0x0000000081dc6678,0x0000000085200000)
 Metaspace       used 56934K, capacity 58976K, committed 59028K, reserved 1099776K
  class space    used 7694K, capacity 8159K, committed 8192K, reserved 1048576K
Event: 7.510 GC heap after
Heap after GC invocations=11 (full 2):
 PSYoungGen      total 402432K, used 18572K [0x00000000d5580000, 0x00000000f6f00000, 0x0000000100000000)
  eden space 377856K, 0% used [0x00000000d5580000,0x00000000d5580000,0x00000000ec680000)
  from space 24576K, 75% used [0x00000000ec680000,0x00000000ed8a3388,0x00000000ede80000)
  to   space 26112K, 0% used [0x00000000f5580000,0x00000000f5580000,0x00000000f6f00000)
 ParOldGen       total 83968K, used 30497K [0x0000000080000000, 0x0000000085200000, 0x00000000d5580000)
  object space 83968K, 36% used [0x0000000080000000,0x0000000081dc8678,0x0000000085200000)
 Metaspace       used 56934K, capacity 58976K, committed 59028K, reserved 1099776K
  class space    used 7694K, capacity 8159K, committed 8192K, reserved 1048576K
}
Event: 7.510 GC heap before
{Heap before GC invocations=12 (full 3):
 PSYoungGen      total 402432K, used 18572K [0x00000000d5580000, 0x00000000f6f00000, 0x0000000100000000)
  eden space 377856K, 0% used [0x00000000d5580000,0x00000000d5580000,0x00000000ec680000)
  from space 24576K, 75% used [0x00000000ec680000,0x00000000ed8a3388,0x00000000ede80000)
  to   space 26112K, 0% used [0x00000000f5580000,0x00000000f5580000,0x00000000f6f00000)
 ParOldGen       total 83968K, used 30497K [0x0000000080000000, 0x0000000085200000, 0x00000000d5580000)
  object space 83968K, 36% used [0x0000000080000000,0x0000000081dc8678,0x0000000085200000)
 Metaspace       used 56934K, capacity 58976K, committed 59028K, reserved 1099776K
  class space    used 7694K, capacity 8159K, committed 8192K, reserved 1048576K
Event: 7.728 GC heap after
Heap after GC invocations=12 (full 3):
 PSYoungGen      total 402432K, used 0K [0x00000000d5580000, 0x00000000f6f00000, 0x0000000100000000)
  eden space 377856K, 0% used [0x00000000d5580000,0x00000000d5580000,0x00000000ec680000)
  from space 24576K, 0% used [0x00000000ec680000,0x00000000ec680000,0x00000000ede80000)
  to   space 26112K, 0% used [0x00000000f5580000,0x00000000f5580000,0x00000000f6f00000)
 ParOldGen       total 123392K, used 31548K [0x0000000080000000, 0x0000000087880000, 0x00000000d5580000)
  object space 123392K, 25% used [0x0000000080000000,0x0000000081ecf3d8,0x0000000087880000)
 Metaspace       used 56929K, capacity 58958K, committed 59028K, reserved 1099776K
  class space    used 7693K, capacity 8156K, committed 8192K, reserved 1048576K
}
Event: 11.462 GC heap before
{Heap before GC invocations=13 (full 3):
 PSYoungGen      total 402432K, used 377856K [0x00000000d5580000, 0x00000000f6f00000, 0x0000000100000000)
  eden space 377856K, 100% used [0x00000000d5580000,0x00000000ec680000,0x00000000ec680000)
  from space 24576K, 0% used [0x00000000ec680000,0x00000000ec680000,0x00000000ede80000)
  to   space 26112K, 0% used [0x00000000f5580000,0x00000000f5580000,0x00000000f6f00000)
 ParOldGen       total 123392K, used 31548K [0x0000000080000000, 0x0000000087880000, 0x00000000d5580000)
  object space 123392K, 25% used [0x0000000080000000,0x0000000081ecf3d8,0x0000000087880000)
 Metaspace       used 72430K, capacity 75764K, committed 75864K, reserved 1114112K
  class space    used 9909K, capacity 10579K, committed 10624K, reserved 1048576K
Event: 11.496 GC heap after
Heap after GC invocations=13 (full 3):
 PSYoungGen      total 499200K, used 26110K [0x00000000d5580000, 0x00000000f6f00000, 0x0000000100000000)
  eden space 473088K, 0% used [0x00000000d5580000,0x00000000d5580000,0x00000000f2380000)
  from space 26112K, 99% used [0x00000000f5580000,0x00000000f6eff810,0x00000000f6f00000)
  to   space 35328K, 0% used [0x00000000f2a00000,0x00000000f2a00000,0x00000000f4c80000)
 ParOldGen       total 123392K, used 46125K [0x0000000080000000, 0x0000000087880000, 0x00000000d5580000)
  object space 123392K, 37% used [0x0000000080000000,0x0000000082d0b5d8,0x0000000087880000)
 Metaspace       used 72430K, capacity 75764K, committed 75864K, reserved 1114112K
  class space    used 9909K, capacity 10579K, committed 10624K, reserved 1048576K
}
Event: 14.498 GC heap before
{Heap before GC invocations=14 (full 3):
 PSYoungGen      total 499200K, used 499198K [0x00000000d5580000, 0x00000000f6f00000, 0x0000000100000000)
  eden space 473088K, 100% used [0x00000000d5580000,0x00000000f2380000,0x00000000f2380000)
  from space 26112K, 99% used [0x00000000f5580000,0x00000000f6eff810,0x00000000f6f00000)
  to   space 35328K, 0% used [0x00000000f2a00000,0x00000000f2a00000,0x00000000f4c80000)
 ParOldGen       total 123392K, used 46125K [0x0000000080000000, 0x0000000087880000, 0x00000000d5580000)
  object space 123392K, 37% used [0x0000000080000000,0x0000000082d0b5d8,0x0000000087880000)
 Metaspace       used 79250K, capacity 83278K, committed 83544K, reserved 1122304K
  class space    used 10776K, capacity 11546K, committed 11648K, reserved 1048576K
Event: 14.585 GC heap after
Heap after GC invocations=14 (full 3):
 PSYoungGen      total 508416K, used 14904K [0x00000000d5580000, 0x00000000f6f00000, 0x0000000100000000)
  eden space 473088K, 0% used [0x00000000d5580000,0x00000000d5580000,0x00000000f2380000)
  from space 35328K, 42% used [0x00000000f2a00000,0x00000000f388e210,0x00000000f4c80000)
  to   space 26112K, 0% used [0x00000000f5580000,0x00000000f5580000,0x00000000f6f00000)
 ParOldGen       total 123392K, used 68900K [0x0000000080000000, 0x0000000087880000, 0x00000000d5580000)
  object space 123392K, 55% used [0x0000000080000000,0x0000000084349330,0x0000000087880000)
 Metaspace       used 79250K, capacity 83278K, committed 83544K, reserved 1122304K
  class space    used 10776K, capacity 11546K, committed 11648K, reserved 1048576K
}
Event: 16.120 GC heap before
{Heap before GC invocations=15 (full 3):
 PSYoungGen      total 508416K, used 487992K [0x00000000d5580000, 0x00000000f6f00000, 0x0000000100000000)
  eden space 473088K, 100% used [0x00000000d5580000,0x00000000f2380000,0x00000000f2380000)
  from space 35328K, 42% used [0x00000000f2a00000,0x00000000f388e210,0x00000000f4c80000)
  to   space 26112K, 0% used [0x00000000f5580000,0x00000000f5580000,0x00000000f6f00000)
 ParOldGen       total 123392K, used 68900K [0x0000000080000000, 0x0000000087880000, 0x00000000d5580000)
  object space 123392K, 55% used [0x0000000080000000,0x0000000084349330,0x0000000087880000)
 Metaspace       used 79399K, capacity 83386K, committed 83544K, reserved 1122304K
  class space    used 10779K, capacity 11552K, committed 11648K, reserved 1048576K
Event: 16.138 GC heap after
Heap after GC invocations=15 (full 3):
 PSYoungGen      total 499200K, used 10096K [0x00000000d5580000, 0x00000000f6f00000, 0x0000000100000000)
  eden space 473088K, 0% used [0x00000000d5580000,0x00000000d5580000,0x00000000f2380000)
  from space 26112K, 38% used [0x00000000f5580000,0x00000000f5f5c050,0x00000000f6f00000)
  to   space 35328K, 0% used [0x00000000f2a00000,0x00000000f2a00000,0x00000000f4c80000)
 ParOldGen       total 123392K, used 68908K [0x0000000080000000, 0x0000000087880000, 0x00000000d5580000)
  object space 123392K, 55% used [0x0000000080000000,0x000000008434b330,0x0000000087880000)
 Metaspace       used 79399K, capacity 83386K, committed 83544K, reserved 1122304K
  class space    used 10779K, capacity 11552K, committed 11648K, reserved 1048576K
}

