# JRE version: OpenJDK Runtime Environment (8.0_242-b01) (build 1.8.0_242-release-1644-b01)
# Java VM: OpenJDK 64-Bit Server VM (25.242-b01 mixed mode windows-amd64 compressed oops)
Heap:
 PSYoungGen      total 326144K, used 102569K [0x00000000d5580000, 0x00000000eac00000, 0x0000000100000000)
  eden space 301568K, 25% used [0x00000000d5580000,0x00000000da1ab638,0x00000000e7c00000)
  from space 24576K, 99% used [0x00000000e7c00000,0x00000000e93ff0c8,0x00000000e9400000)
  to   space 22016K, 0% used [0x00000000e9480000,0x00000000e9480000,0x00000000eaa00000)
 ParOldGen       total 116224K, used 33214K [0x0000000080000000, 0x0000000087180000, 0x00000000d5580000)
  object space 116224K, 28% used [0x0000000080000000,0x000000008206f9f8,0x0000000087180000)
 Metaspace       used 71136K, capacity 74234K, committed 74584K, reserved 1116160K
  class space    used 9616K, capacity 10244K, committed 10368K, reserved 1048576K
GC Heap History (10 events):
Event: 5.986 GC heap before
{Heap before GC invocations=10 (full 2):
 PSYoungGen      total 238592K, used 9622K [0x00000000d5580000, 0x00000000e5180000, 0x0000000100000000)
  eden space 228352K, 0% used [0x00000000d5580000,0x00000000d5580000,0x00000000e3480000)
  from space 10240K, 93% used [0x00000000e4780000,0x00000000e50e5818,0x00000000e5180000)
  to   space 14848K, 0% used [0x00000000e3480000,0x00000000e3480000,0x00000000e4300000)
 ParOldGen       total 57344K, used 13358K [0x0000000080000000, 0x0000000083800000, 0x00000000d5580000)
  object space 57344K, 23% used [0x0000000080000000,0x0000000080d0bbd0,0x0000000083800000)
 Metaspace       used 34524K, capacity 35386K, committed 35416K, reserved 1079296K
  class space    used 4730K, capacity 4970K, committed 4992K, reserved 1048576K
Event: 6.094 GC heap after
Heap after GC invocations=10 (full 2):
 PSYoungGen      total 238592K, used 0K [0x00000000d5580000, 0x00000000e5180000, 0x0000000100000000)
  eden space 228352K, 0% used [0x00000000d5580000,0x00000000d5580000,0x00000000e3480000)
  from space 10240K, 0% used [0x00000000e4780000,0x00000000e4780000,0x00000000e5180000)
  to   space 14848K, 0% used [0x00000000e3480000,0x00000000e3480000,0x00000000e4300000)
 ParOldGen       total 76800K, used 16387K [0x0000000080000000, 0x0000000084b00000, 0x00000000d5580000)
  object space 76800K, 21% used [0x0000000080000000,0x0000000081000e68,0x0000000084b00000)
 Metaspace       used 34524K, capacity 35386K, committed 35416K, reserved 1079296K
  class space    used 4730K, capacity 4970K, committed 4992K, reserved 1048576K
}
Event: 10.224 GC heap before
{Heap before GC invocations=11 (full 2):
 PSYoungGen      total 238592K, used 228352K [0x00000000d5580000, 0x00000000e5180000, 0x0000000100000000)
  eden space 228352K, 100% used [0x00000000d5580000,0x00000000e3480000,0x00000000e3480000)
  from space 10240K, 0% used [0x00000000e4780000,0x00000000e4780000,0x00000000e5180000)
  to   space 14848K, 0% used [0x00000000e3480000,0x00000000e3480000,0x00000000e4300000)
 ParOldGen       total 76800K, used 16387K [0x0000000080000000, 0x0000000084b00000, 0x00000000d5580000)
  object space 76800K, 21% used [0x0000000080000000,0x0000000081000e68,0x0000000084b00000)
 Metaspace       used 52504K, capacity 54398K, committed 54488K, reserved 1095680K
  class space    used 6992K, capacity 7380K, committed 7424K, reserved 1048576K
Event: 10.275 GC heap after
Heap after GC invocations=11 (full 2):
 PSYoungGen      total 243200K, used 14844K [0x00000000d5580000, 0x00000000eaa00000, 0x0000000100000000)
  eden space 228352K, 0% used [0x00000000d5580000,0x00000000d5580000,0x00000000e3480000)
  from space 14848K, 99% used [0x00000000e3480000,0x00000000e42ff3e8,0x00000000e4300000)
  to   space 22016K, 0% used [0x00000000e9480000,0x00000000e9480000,0x00000000eaa00000)
 ParOldGen       total 76800K, used 28266K [0x0000000080000000, 0x0000000084b00000, 0x00000000d5580000)
  object space 76800K, 36% used [0x0000000080000000,0x0000000081b9a818,0x0000000084b00000)
 Metaspace       used 52504K, capacity 54398K, committed 54488K, reserved 1095680K
  class space    used 6992K, capacity 7380K, committed 7424K, reserved 1048576K
}
Event: 11.851 GC heap before
{Heap before GC invocations=12 (full 2):
 PSYoungGen      total 243200K, used 63186K [0x00000000d5580000, 0x00000000eaa00000, 0x0000000100000000)
  eden space 228352K, 21% used [0x00000000d5580000,0x00000000d84b5628,0x00000000e3480000)
  from space 14848K, 99% used [0x00000000e3480000,0x00000000e42ff3e8,0x00000000e4300000)
  to   space 22016K, 0% used [0x00000000e9480000,0x00000000e9480000,0x00000000eaa00000)
 ParOldGen       total 76800K, used 28266K [0x0000000080000000, 0x0000000084b00000, 0x00000000d5580000)
  object space 76800K, 36% used [0x0000000080000000,0x0000000081b9a818,0x0000000084b00000)
 Metaspace       used 56899K, capacity 58962K, committed 59028K, reserved 1099776K
  class space    used 7676K, capacity 8128K, committed 8192K, reserved 1048576K
Event: 11.889 GC heap after
Heap after GC invocations=12 (full 2):
 PSYoungGen      total 323584K, used 20111K [0x00000000d5580000, 0x00000000eac00000, 0x0000000100000000)
  eden space 301568K, 0% used [0x00000000d5580000,0x00000000d5580000,0x00000000e7c00000)
  from space 22016K, 91% used [0x00000000e9480000,0x00000000ea823cb0,0x00000000eaa00000)
  to   space 24576K, 0% used [0x00000000e7c00000,0x00000000e7c00000,0x00000000e9400000)
 ParOldGen       total 76800K, used 28274K [0x0000000080000000, 0x0000000084b00000, 0x00000000d5580000)
  object space 76800K, 36% used [0x0000000080000000,0x0000000081b9c818,0x0000000084b00000)
 Metaspace       used 56899K, capacity 58962K, committed 59028K, reserved 1099776K
  class space    used 7676K, capacity 8128K, committed 8192K, reserved 1048576K
}
Event: 11.890 GC heap before
{Heap before GC invocations=13 (full 3):
 PSYoungGen      total 323584K, used 20111K [0x00000000d5580000, 0x00000000eac00000, 0x0000000100000000)
  eden space 301568K, 0% used [0x00000000d5580000,0x00000000d5580000,0x00000000e7c00000)
  from space 22016K, 91% used [0x00000000e9480000,0x00000000ea823cb0,0x00000000eaa00000)
  to   space 24576K, 0% used [0x00000000e7c00000,0x00000000e7c00000,0x00000000e9400000)
 ParOldGen       total 76800K, used 28274K [0x0000000080000000, 0x0000000084b00000, 0x00000000d5580000)
  object space 76800K, 36% used [0x0000000080000000,0x0000000081b9c818,0x0000000084b00000)
 Metaspace       used 56899K, capacity 58962K, committed 59028K, reserved 1099776K
  class space    used 7676K, capacity 8128K, committed 8192K, reserved 1048576K
Event: 12.289 GC heap after
Heap after GC invocations=13 (full 3):
 PSYoungGen      total 323584K, used 0K [0x00000000d5580000, 0x00000000eac00000, 0x0000000100000000)
  eden space 301568K, 0% used [0x00000000d5580000,0x00000000d5580000,0x00000000e7c00000)
  from space 22016K, 0% used [0x00000000e9480000,0x00000000e9480000,0x00000000eaa00000)
  to   space 24576K, 0% used [0x00000000e7c00000,0x00000000e7c00000,0x00000000e9400000)
 ParOldGen       total 116224K, used 33046K [0x0000000080000000, 0x0000000087180000, 0x00000000d5580000)
  object space 116224K, 28% used [0x0000000080000000,0x00000000820458c0,0x0000000087180000)
 Metaspace       used 56887K, capacity 58920K, committed 59028K, reserved 1099776K
  class space    used 7672K, capacity 8121K, committed 8192K, reserved 1048576K
}
Event: 23.603 GC heap before
{Heap before GC invocations=14 (full 3):
 PSYoungGen      total 323584K, used 301568K [0x00000000d5580000, 0x00000000eac00000, 0x0000000100000000)
  eden space 301568K, 100% used [0x00000000d5580000,0x00000000e7c00000,0x00000000e7c00000)
  from space 22016K, 0% used [0x00000000e9480000,0x00000000e9480000,0x00000000eaa00000)
  to   space 24576K, 0% used [0x00000000e7c00000,0x00000000e7c00000,0x00000000e9400000)
 ParOldGen       total 116224K, used 33046K [0x0000000080000000, 0x0000000087180000, 0x00000000d5580000)
  object space 116224K, 28% used [0x0000000080000000,0x00000000820458c0,0x0000000087180000)
 Metaspace       used 68590K, capacity 71458K, committed 71640K, reserved 1112064K
  class space    used 9289K, capacity 9878K, committed 9984K, reserved 1048576K
Event: 23.664 GC heap after
Heap after GC invocations=14 (full 3):
 PSYoungGen      total 326144K, used 24572K [0x00000000d5580000, 0x00000000eac00000, 0x0000000100000000)
  eden space 301568K, 0% used [0x00000000d5580000,0x00000000d5580000,0x00000000e7c00000)
  from space 24576K, 99% used [0x00000000e7c00000,0x00000000e93ff0c8,0x00000000e9400000)
  to   space 22016K, 0% used [0x00000000e9480000,0x00000000e9480000,0x00000000eaa00000)
 ParOldGen       total 116224K, used 33214K [0x0000000080000000, 0x0000000087180000, 0x00000000d5580000)
  object space 116224K, 28% used [0x0000000080000000,0x000000008206f9f8,0x0000000087180000)
 Metaspace       used 68590K, capacity 71458K, committed 71640K, reserved 1112064K
  class space    used 9289K, capacity 9878K, committed 9984K, reserved 1048576K
}

