# JRE version: OpenJDK Runtime Environment (8.0_242-b01) (build 1.8.0_242-release-1644-b01)
# Java VM: OpenJDK 64-Bit Server VM (25.242-b01 mixed mode windows-amd64 compressed oops)
Heap:
 PSYoungGen      total 137216K, used 42000K [0x00000000d5580000, 0x00000000e1d80000, 0x0000000100000000)
  eden space 125952K, 33% used [0x00000000d5580000,0x00000000d7e84178,0x00000000dd080000)
  from space 11264K, 0% used [0x00000000dd080000,0x00000000dd080000,0x00000000ddb80000)
  to   space 13312K, 0% used [0x00000000e1080000,0x00000000e1080000,0x00000000e1d80000)
 ParOldGen       total 71168K, used 18734K [0x0000000080000000, 0x0000000084580000, 0x00000000d5580000)
  object space 71168K, 26% used [0x0000000080000000,0x000000008124bb30,0x0000000084580000)
 Metaspace       used 36151K, capacity 37476K, committed 37720K, reserved 1081344K
  class space    used 4963K, capacity 5247K, committed 5248K, reserved 1048576K
GC Heap History (10 events):
Event: 3.950 GC heap before
{Heap before GC invocations=7 (full 0):
 PSYoungGen      total 74752K, used 10840K [0x00000000d5580000, 0x00000000dab80000, 0x0000000100000000)
  eden space 64512K, 3% used [0x00000000d5580000,0x00000000d5783bf8,0x00000000d9480000)
  from space 10240K, 85% used [0x00000000d9f80000,0x00000000da812728,0x00000000da980000)
  to   space 11264K, 0% used [0x00000000d9480000,0x00000000d9480000,0x00000000d9f80000)
 ParOldGen       total 86016K, used 6660K [0x0000000080000000, 0x0000000085400000, 0x00000000d5580000)
  object space 86016K, 7% used [0x0000000080000000,0x0000000080681028,0x0000000085400000)
 Metaspace       used 20564K, capacity 21208K, committed 21248K, reserved 1067008K
  class space    used 2871K, capacity 3056K, committed 3072K, reserved 1048576K
Event: 3.958 GC heap after
Heap after GC invocations=7 (full 0):
 PSYoungGen      total 75776K, used 4128K [0x00000000d5580000, 0x00000000de980000, 0x0000000100000000)
  eden space 64512K, 0% used [0x00000000d5580000,0x00000000d5580000,0x00000000d9480000)
  from space 11264K, 36% used [0x00000000d9480000,0x00000000d9888030,0x00000000d9f80000)
  to   space 11264K, 0% used [0x00000000dde80000,0x00000000dde80000,0x00000000de980000)
 ParOldGen       total 86016K, used 8925K [0x0000000080000000, 0x0000000085400000, 0x00000000d5580000)
  object space 86016K, 10% used [0x0000000080000000,0x00000000808b7698,0x0000000085400000)
 Metaspace       used 20564K, capacity 21208K, committed 21248K, reserved 1067008K
  class space    used 2871K, capacity 3056K, committed 3072K, reserved 1048576K
}
Event: 3.958 GC heap before
{Heap before GC invocations=8 (full 1):
 PSYoungGen      total 75776K, used 4128K [0x00000000d5580000, 0x00000000de980000, 0x0000000100000000)
  eden space 64512K, 0% used [0x00000000d5580000,0x00000000d5580000,0x00000000d9480000)
  from space 11264K, 36% used [0x00000000d9480000,0x00000000d9888030,0x00000000d9f80000)
  to   space 11264K, 0% used [0x00000000dde80000,0x00000000dde80000,0x00000000de980000)
 ParOldGen       total 86016K, used 8925K [0x0000000080000000, 0x0000000085400000, 0x00000000d5580000)
  object space 86016K, 10% used [0x0000000080000000,0x00000000808b7698,0x0000000085400000)
 Metaspace       used 20564K, capacity 21208K, committed 21248K, reserved 1067008K
  class space    used 2871K, capacity 3056K, committed 3072K, reserved 1048576K
Event: 4.009 GC heap after
Heap after GC invocations=8 (full 1):
 PSYoungGen      total 75776K, used 0K [0x00000000d5580000, 0x00000000de980000, 0x0000000100000000)
  eden space 64512K, 0% used [0x00000000d5580000,0x00000000d5580000,0x00000000d9480000)
  from space 11264K, 0% used [0x00000000d9480000,0x00000000d9480000,0x00000000d9f80000)
  to   space 11264K, 0% used [0x00000000dde80000,0x00000000dde80000,0x00000000de980000)
 ParOldGen       total 48128K, used 7178K [0x0000000080000000, 0x0000000082f00000, 0x00000000d5580000)
  object space 48128K, 14% used [0x0000000080000000,0x0000000080702838,0x0000000082f00000)
 Metaspace       used 20564K, capacity 21208K, committed 21248K, reserved 1067008K
  class space    used 2871K, capacity 3056K, committed 3072K, reserved 1048576K
}
Event: 4.770 GC heap before
{Heap before GC invocations=9 (full 1):
 PSYoungGen      total 75776K, used 64512K [0x00000000d5580000, 0x00000000de980000, 0x0000000100000000)
  eden space 64512K, 100% used [0x00000000d5580000,0x00000000d9480000,0x00000000d9480000)
  from space 11264K, 0% used [0x00000000d9480000,0x00000000d9480000,0x00000000d9f80000)
  to   space 11264K, 0% used [0x00000000dde80000,0x00000000dde80000,0x00000000de980000)
 ParOldGen       total 48128K, used 7178K [0x0000000080000000, 0x0000000082f00000, 0x00000000d5580000)
  object space 48128K, 14% used [0x0000000080000000,0x0000000080702838,0x0000000082f00000)
 Metaspace       used 28244K, capacity 28992K, committed 29312K, reserved 1075200K
  class space    used 3895K, capacity 4131K, committed 4224K, reserved 1048576K
Event: 4.778 GC heap after
Heap after GC invocations=9 (full 1):
 PSYoungGen      total 127488K, used 7953K [0x00000000d5580000, 0x00000000de680000, 0x0000000100000000)
  eden space 119296K, 0% used [0x00000000d5580000,0x00000000d5580000,0x00000000dca00000)
  from space 8192K, 97% used [0x00000000dde80000,0x00000000de6444e8,0x00000000de680000)
  to   space 11264K, 0% used [0x00000000dd080000,0x00000000dd080000,0x00000000ddb80000)
 ParOldGen       total 48128K, used 7186K [0x0000000080000000, 0x0000000082f00000, 0x00000000d5580000)
  object space 48128K, 14% used [0x0000000080000000,0x0000000080704838,0x0000000082f00000)
 Metaspace       used 28244K, capacity 28992K, committed 29312K, reserved 1075200K
  class space    used 3895K, capacity 4131K, committed 4224K, reserved 1048576K
}
Event: 5.919 GC heap before
{Heap before GC invocations=10 (full 1):
 PSYoungGen      total 127488K, used 124511K [0x00000000d5580000, 0x00000000de680000, 0x0000000100000000)
  eden space 119296K, 97% used [0x00000000d5580000,0x00000000dc7539a0,0x00000000dca00000)
  from space 8192K, 97% used [0x00000000dde80000,0x00000000de6444e8,0x00000000de680000)
  to   space 11264K, 0% used [0x00000000dd080000,0x00000000dd080000,0x00000000ddb80000)
 ParOldGen       total 48128K, used 7186K [0x0000000080000000, 0x0000000082f00000, 0x00000000d5580000)
  object space 48128K, 14% used [0x0000000080000000,0x0000000080704838,0x0000000082f00000)
 Metaspace       used 34470K, capacity 35386K, committed 35416K, reserved 1079296K
  class space    used 4722K, capacity 4970K, committed 4992K, reserved 1048576K
Event: 5.941 GC heap after
Heap after GC invocations=10 (full 1):
 PSYoungGen      total 137216K, used 11234K [0x00000000d5580000, 0x00000000e1d80000, 0x0000000100000000)
  eden space 125952K, 0% used [0x00000000d5580000,0x00000000d5580000,0x00000000dd080000)
  from space 11264K, 99% used [0x00000000dd080000,0x00000000ddb78858,0x00000000ddb80000)
  to   space 13312K, 0% used [0x00000000e1080000,0x00000000e1080000,0x00000000e1d80000)
 ParOldGen       total 48128K, used 8077K [0x0000000080000000, 0x0000000082f00000, 0x00000000d5580000)
  object space 48128K, 16% used [0x0000000080000000,0x00000000807e36f8,0x0000000082f00000)
 Metaspace       used 34470K, capacity 35386K, committed 35416K, reserved 1079296K
  class space    used 4722K, capacity 4970K, committed 4992K, reserved 1048576K
}
Event: 5.941 GC heap before
{Heap before GC invocations=11 (full 2):
 PSYoungGen      total 137216K, used 11234K [0x00000000d5580000, 0x00000000e1d80000, 0x0000000100000000)
  eden space 125952K, 0% used [0x00000000d5580000,0x00000000d5580000,0x00000000dd080000)
  from space 11264K, 99% used [0x00000000dd080000,0x00000000ddb78858,0x00000000ddb80000)
  to   space 13312K, 0% used [0x00000000e1080000,0x00000000e1080000,0x00000000e1d80000)
 ParOldGen       total 48128K, used 8077K [0x0000000080000000, 0x0000000082f00000, 0x00000000d5580000)
  object space 48128K, 16% used [0x0000000080000000,0x00000000807e36f8,0x0000000082f00000)
 Metaspace       used 34470K, capacity 35386K, committed 35416K, reserved 1079296K
  class space    used 4722K, capacity 4970K, committed 4992K, reserved 1048576K
Event: 6.021 GC heap after
Heap after GC invocations=11 (full 2):
 PSYoungGen      total 137216K, used 0K [0x00000000d5580000, 0x00000000e1d80000, 0x0000000100000000)
  eden space 125952K, 0% used [0x00000000d5580000,0x00000000d5580000,0x00000000dd080000)
  from space 11264K, 0% used [0x00000000dd080000,0x00000000dd080000,0x00000000ddb80000)
  to   space 13312K, 0% used [0x00000000e1080000,0x00000000e1080000,0x00000000e1d80000)
 ParOldGen       total 71168K, used 18734K [0x0000000080000000, 0x0000000084580000, 0x00000000d5580000)
  object space 71168K, 26% used [0x0000000080000000,0x000000008124bb30,0x0000000084580000)
 Metaspace       used 34470K, capacity 35386K, committed 35416K, reserved 1079296K
  class space    used 4722K, capacity 4970K, committed 4992K, reserved 1048576K
}

