# JRE version: OpenJDK Runtime Environment (8.0_242-b01) (build 1.8.0_242-release-1644-b01)
# Java VM: OpenJDK 64-Bit Server VM (25.242-b01 mixed mode windows-amd64 compressed oops)
Heap:
 PSYoungGen      total 131072K, used 3035K [0x00000000d5580000, 0x00000000de680000, 0x0000000100000000)
  eden space 122880K, 2% used [0x00000000d5580000,0x00000000d5876f98,0x00000000dcd80000)
  from space 8192K, 0% used [0x00000000dde80000,0x00000000dde80000,0x00000000de680000)
  to   space 11264K, 0% used [0x00000000dd080000,0x00000000dd080000,0x00000000ddb80000)
 ParOldGen       total 67584K, used 17803K [0x0000000080000000, 0x0000000084200000, 0x00000000d5580000)
  object space 67584K, 26% used [0x0000000080000000,0x0000000081162e20,0x0000000084200000)
 Metaspace       used 36198K, capacity 37473K, committed 37848K, reserved 1081344K
  class space    used 4979K, capacity 5252K, committed 5376K, reserved 1048576K
GC Heap History (10 events):
Event: 4.808 GC heap before
{Heap before GC invocations=9 (full 1):
 PSYoungGen      total 75776K, used 64512K [0x00000000d5580000, 0x00000000de980000, 0x0000000100000000)
  eden space 64512K, 100% used [0x00000000d5580000,0x00000000d9480000,0x00000000d9480000)
  from space 11264K, 0% used [0x00000000d9480000,0x00000000d9480000,0x00000000d9f80000)
  to   space 11264K, 0% used [0x00000000dde80000,0x00000000dde80000,0x00000000de980000)
 ParOldGen       total 46592K, used 7186K [0x0000000080000000, 0x0000000082d80000, 0x00000000d5580000)
  object space 46592K, 15% used [0x0000000080000000,0x0000000080704a60,0x0000000082d80000)
 Metaspace       used 28246K, capacity 28988K, committed 29312K, reserved 1075200K
  class space    used 3895K, capacity 4131K, committed 4224K, reserved 1048576K
Event: 4.816 GC heap after
Heap after GC invocations=9 (full 1):
 PSYoungGen      total 131072K, used 8036K [0x00000000d5580000, 0x00000000de680000, 0x0000000100000000)
  eden space 122880K, 0% used [0x00000000d5580000,0x00000000d5580000,0x00000000dcd80000)
  from space 8192K, 98% used [0x00000000dde80000,0x00000000de659120,0x00000000de680000)
  to   space 11264K, 0% used [0x00000000dd080000,0x00000000dd080000,0x00000000ddb80000)
 ParOldGen       total 46592K, used 7194K [0x0000000080000000, 0x0000000082d80000, 0x00000000d5580000)
  object space 46592K, 15% used [0x0000000080000000,0x0000000080706a60,0x0000000082d80000)
 Metaspace       used 28246K, capacity 28988K, committed 29312K, reserved 1075200K
  class space    used 3895K, capacity 4131K, committed 4224K, reserved 1048576K
}
Event: 5.905 GC heap before
{Heap before GC invocations=10 (full 1):
 PSYoungGen      total 131072K, used 124748K [0x00000000d5580000, 0x00000000de680000, 0x0000000100000000)
  eden space 122880K, 94% used [0x00000000d5580000,0x00000000dc77a220,0x00000000dcd80000)
  from space 8192K, 98% used [0x00000000dde80000,0x00000000de659120,0x00000000de680000)
  to   space 11264K, 0% used [0x00000000dd080000,0x00000000dd080000,0x00000000ddb80000)
 ParOldGen       total 46592K, used 7194K [0x0000000080000000, 0x0000000082d80000, 0x00000000d5580000)
  object space 46592K, 15% used [0x0000000080000000,0x0000000080706a60,0x0000000082d80000)
 Metaspace       used 34461K, capacity 35386K, committed 35416K, reserved 1079296K
  class space    used 4722K, capacity 4970K, committed 4992K, reserved 1048576K
Event: 5.921 GC heap after
Heap after GC invocations=10 (full 1):
 PSYoungGen      total 134144K, used 11248K [0x00000000d5580000, 0x00000000de680000, 0x0000000100000000)
  eden space 122880K, 0% used [0x00000000d5580000,0x00000000d5580000,0x00000000dcd80000)
  from space 11264K, 99% used [0x00000000dd080000,0x00000000ddb7c158,0x00000000ddb80000)
  to   space 8192K, 0% used [0x00000000dde80000,0x00000000dde80000,0x00000000de680000)
 ParOldGen       total 46592K, used 7970K [0x0000000080000000, 0x0000000082d80000, 0x00000000d5580000)
  object space 46592K, 17% used [0x0000000080000000,0x00000000807c88c0,0x0000000082d80000)
 Metaspace       used 34461K, capacity 35386K, committed 35416K, reserved 1079296K
  class space    used 4722K, capacity 4970K, committed 4992K, reserved 1048576K
}
Event: 5.921 GC heap before
{Heap before GC invocations=11 (full 2):
 PSYoungGen      total 134144K, used 11248K [0x00000000d5580000, 0x00000000de680000, 0x0000000100000000)
  eden space 122880K, 0% used [0x00000000d5580000,0x00000000d5580000,0x00000000dcd80000)
  from space 11264K, 99% used [0x00000000dd080000,0x00000000ddb7c158,0x00000000ddb80000)
  to   space 8192K, 0% used [0x00000000dde80000,0x00000000dde80000,0x00000000de680000)
 ParOldGen       total 46592K, used 7970K [0x0000000080000000, 0x0000000082d80000, 0x00000000d5580000)
  object space 46592K, 17% used [0x0000000080000000,0x00000000807c88c0,0x0000000082d80000)
 Metaspace       used 34461K, capacity 35386K, committed 35416K, reserved 1079296K
  class space    used 4722K, capacity 4970K, committed 4992K, reserved 1048576K
Event: 6.000 GC heap after
Heap after GC invocations=11 (full 2):
 PSYoungGen      total 134144K, used 0K [0x00000000d5580000, 0x00000000de680000, 0x0000000100000000)
  eden space 122880K, 0% used [0x00000000d5580000,0x00000000d5580000,0x00000000dcd80000)
  from space 11264K, 0% used [0x00000000dd080000,0x00000000dd080000,0x00000000ddb80000)
  to   space 8192K, 0% used [0x00000000dde80000,0x00000000dde80000,0x00000000de680000)
 ParOldGen       total 67584K, used 18728K [0x0000000080000000, 0x0000000084200000, 0x00000000d5580000)
  object space 67584K, 27% used [0x0000000080000000,0x000000008124a188,0x0000000084200000)
 Metaspace       used 34461K, capacity 35386K, committed 35416K, reserved 1079296K
  class space    used 4722K, capacity 4970K, committed 4992K, reserved 1048576K
}
Event: 6.561 GC heap before
{Heap before GC invocations=12 (full 2):
 PSYoungGen      total 134144K, used 41136K [0x00000000d5580000, 0x00000000de680000, 0x0000000100000000)
  eden space 122880K, 33% used [0x00000000d5580000,0x00000000d7dac150,0x00000000dcd80000)
  from space 11264K, 0% used [0x00000000dd080000,0x00000000dd080000,0x00000000ddb80000)
  to   space 8192K, 0% used [0x00000000dde80000,0x00000000dde80000,0x00000000de680000)
 ParOldGen       total 67584K, used 18728K [0x0000000080000000, 0x0000000084200000, 0x00000000d5580000)
  object space 67584K, 27% used [0x0000000080000000,0x000000008124a188,0x0000000084200000)
 Metaspace       used 36109K, capacity 37423K, committed 37464K, reserved 1081344K
  class space    used 4960K, capacity 5248K, committed 5248K, reserved 1048576K
Event: 6.567 GC heap after
Heap after GC invocations=12 (full 2):
 PSYoungGen      total 131072K, used 4736K [0x00000000d5580000, 0x00000000de680000, 0x0000000100000000)
  eden space 122880K, 0% used [0x00000000d5580000,0x00000000d5580000,0x00000000dcd80000)
  from space 8192K, 57% used [0x00000000dde80000,0x00000000de3203f0,0x00000000de680000)
  to   space 11264K, 0% used [0x00000000dd080000,0x00000000dd080000,0x00000000ddb80000)
 ParOldGen       total 67584K, used 18736K [0x0000000080000000, 0x0000000084200000, 0x00000000d5580000)
  object space 67584K, 27% used [0x0000000080000000,0x000000008124c188,0x0000000084200000)
 Metaspace       used 36109K, capacity 37423K, committed 37464K, reserved 1081344K
  class space    used 4960K, capacity 5248K, committed 5248K, reserved 1048576K
}
Event: 6.567 GC heap before
{Heap before GC invocations=13 (full 3):
 PSYoungGen      total 131072K, used 4736K [0x00000000d5580000, 0x00000000de680000, 0x0000000100000000)
  eden space 122880K, 0% used [0x00000000d5580000,0x00000000d5580000,0x00000000dcd80000)
  from space 8192K, 57% used [0x00000000dde80000,0x00000000de3203f0,0x00000000de680000)
  to   space 11264K, 0% used [0x00000000dd080000,0x00000000dd080000,0x00000000ddb80000)
 ParOldGen       total 67584K, used 18736K [0x0000000080000000, 0x0000000084200000, 0x00000000d5580000)
  object space 67584K, 27% used [0x0000000080000000,0x000000008124c188,0x0000000084200000)
 Metaspace       used 36109K, capacity 37423K, committed 37464K, reserved 1081344K
  class space    used 4960K, capacity 5248K, committed 5248K, reserved 1048576K
Event: 6.693 GC heap after
Heap after GC invocations=13 (full 3):
 PSYoungGen      total 131072K, used 0K [0x00000000d5580000, 0x00000000de680000, 0x0000000100000000)
  eden space 122880K, 0% used [0x00000000d5580000,0x00000000d5580000,0x00000000dcd80000)
  from space 8192K, 0% used [0x00000000dde80000,0x00000000dde80000,0x00000000de680000)
  to   space 11264K, 0% used [0x00000000dd080000,0x00000000dd080000,0x00000000ddb80000)
 ParOldGen       total 67584K, used 17803K [0x0000000080000000, 0x0000000084200000, 0x00000000d5580000)
  object space 67584K, 26% used [0x0000000080000000,0x0000000081162e20,0x0000000084200000)
 Metaspace       used 36098K, capacity 37387K, committed 37464K, reserved 1081344K
  class space    used 4957K, capacity 5242K, committed 5248K, reserved 1048576K
}

